  Main.cpp
  AppClassControls.cpp
  AppClass.cpp
c:\users\chris\documents\github\dsa2\a07_slerp\w7r_slerp_demo\appclass.cpp(43): warning C4244: '+=': conversion from 'double' to 'float', possible loss of data
  Generating Code...
  W7R_SLERP_DEMO.vcxproj -> C:\Users\Chris\Documents\GitHub\DSA2\A07_SLERP\Z_DELETE\W7R_SLERP_DEMOD.exe
  W7R_SLERP_DEMO.vcxproj -> C:\Users\Chris\Documents\GitHub\DSA2\A07_SLERP\Z_DELETE\W7R_SLERP_DEMOD.pdb (Full PDB)
  A subdirectory or file C:\Users\Chris\Documents\GitHub\DSA2\A07_SLERP\_Binary\ already exists.
  C:\Users\Chris\Documents\GitHub\DSA2\A07_SLERP\include\GL\bin\glew32.dll
  C:\Users\Chris\Documents\GitHub\DSA2\A07_SLERP\include\GL\bin\glut32.dll
  2 File(s) copied
  C:\Users\Chris\Documents\GitHub\DSA2\A07_SLERP\include\RE\bin\2015\ReEng_VS15.dll
  C:\Users\Chris\Documents\GitHub\DSA2\A07_SLERP\include\RE\bin\2015\ReEng_VS15_d.dll
  2 File(s) copied
  C:\Users\Chris\Documents\GitHub\DSA2\A07_SLERP\include\SFML\bin\sfml-system-2.dll
  1 File(s) copied
  C:\Users\Chris\Documents\GitHub\DSA2\A07_SLERP\include\SFML\bin\sfml-window-2.dll
  1 File(s) copied
  A subdirectory or file C:\Users\Chris\Documents\GitHub\DSA2\A07_SLERP\_Binary\Shaders\ already exists.
  C:\Users\Chris\Documents\GitHub\DSA2\A07_SLERP\include\RE\Shaders\Basic.fs
  C:\Users\Chris\Documents\GitHub\DSA2\A07_SLERP\include\RE\Shaders\Basic.vs
  C:\Users\Chris\Documents\GitHub\DSA2\A07_SLERP\include\RE\Shaders\BasicColor.fs
  C:\Users\Chris\Documents\GitHub\DSA2\A07_SLERP\include\RE\Shaders\BasicColor.vs
  C:\Users\Chris\Documents\GitHub\DSA2\A07_SLERP\include\RE\Shaders\Color.fs
  C:\Users\Chris\Documents\GitHub\DSA2\A07_SLERP\include\RE\Shaders\Color.vs
  C:\Users\Chris\Documents\GitHub\DSA2\A07_SLERP\include\RE\Shaders\PassThrough.fs
  C:\Users\Chris\Documents\GitHub\DSA2\A07_SLERP\include\RE\Shaders\PassThrough.vs
  C:\Users\Chris\Documents\GitHub\DSA2\A07_SLERP\include\RE\Shaders\Phong.fs
  C:\Users\Chris\Documents\GitHub\DSA2\A07_SLERP\include\RE\Shaders\Phong.vs
  C:\Users\Chris\Documents\GitHub\DSA2\A07_SLERP\include\RE\Shaders\REShader.fs
  C:\Users\Chris\Documents\GitHub\DSA2\A07_SLERP\include\RE\Shaders\REShader.vs
  C:\Users\Chris\Documents\GitHub\DSA2\A07_SLERP\include\RE\Shaders\REShaderInv.fs
  C:\Users\Chris\Documents\GitHub\DSA2\A07_SLERP\include\RE\Shaders\REShaderMC.fs
  C:\Users\Chris\Documents\GitHub\DSA2\A07_SLERP\include\RE\Shaders\Skybox.fs
  C:\Users\Chris\Documents\GitHub\DSA2\A07_SLERP\include\RE\Shaders\Skybox.vs
  C:\Users\Chris\Documents\GitHub\DSA2\A07_SLERP\include\RE\Shaders\Test.fs
  C:\Users\Chris\Documents\GitHub\DSA2\A07_SLERP\include\RE\Shaders\Test.vs
  C:\Users\Chris\Documents\GitHub\DSA2\A07_SLERP\include\RE\Shaders\TextShader.fs
  C:\Users\Chris\Documents\GitHub\DSA2\A07_SLERP\include\RE\Shaders\TextShader.vs
  20 File(s) copied
